<?xml version="1.0" encoding="UTF-8"?>
<!-- Generated by org.testng.reporters.JUnitXMLReporter -->
<testsuite hostname="HIGURP78024" ignored="0" name="Chrome test" tests="7" failures="0" timestamp="2020-03-30T04:40:05 IST" time="86.146" errors="0">
  <testcase name="validateAlertsTab" time="24.855" classname="com.empirix.TestCases.DashboardTest"/>
  <testcase name="validateTestsTab" time="3.735" classname="com.empirix.TestCases.DashboardTest"/>
  <testcase name="validateVariablesTab" time="2.302" classname="com.empirix.TestCases.DashboardTest"/>
  <testcase name="validateNotificationsTab" time="2.987" classname="com.empirix.TestCases.DashboardTest"/>
  <testcase name="validateDashboardTab" time="3.669" classname="com.empirix.TestCases.DashboardTest"/>
  <testcase name="validateJapaneeseLanguageSelection" time="2.462" classname="com.empirix.TestCases.DashboardTest"/>
  <testcase name="validateEnglishLanguageSelection" time="8.15" classname="com.empirix.TestCases.DashboardTest"/>
</testsuite> <!-- Chrome test -->
