<?xml version="1.0" encoding="UTF-8"?>
<testsuite xmlns:xsi="http://www.w3.org/2001/XMLSchema-instance" xsi:noNamespaceSchemaLocation="https://maven.apache.org/surefire/maven-surefire-plugin/xsd/surefire-test-report-3.0.xsd" version="3.0" name="TestSuite" time="396.493" tests="33" errors="0" skipped="22" failures="11">
  <properties>
[...]
</properties>
  <testcase name="validateTitleOnLoginPage" classname="com.empirix.TestCases.LoginTest" time="0.072">
    <failure message="expected [OpenAM - Login] but found [OpenAM]" type="java.lang.AssertionError"><![CDATA[java.lang.AssertionError: expected [OpenAM - Login] but found [OpenAM]
	at com.empirix.TestCases.LoginTest.validateTitleOnLoginPage(LoginTest.java:36)
]]></failure>
    <system-out><![CDATA[Before navigating to: 'https://services.empirix.com'
Navigated to:'https://services.empirix.com'
]]></system-out>
    <system-err><![CDATA[Starting ChromeDriver 78.0.3904.105 (60e2d8774a8151efa6a00b1f358371b1e0e07ee2-refs/branch-heads/3904@{#877}) on port 30052
Only local connections are allowed.
Please protect ports used by ChromeDriver and related test frameworks to prevent access by malicious code.
[1586155248.189][WARNING]: Timed out connecting to Chrome, retrying...
Apr 06, 2020 12:10:50 PM org.openqa.selenium.remote.ProtocolHandshake createSession
INFO: Detected dialect: W3C
[1586155252.382][WARNING]: Timed out connecting to Chrome, retrying...
]]></system-err>
  </testcase>
  <testcase name="validateTitleOnLoginPage" classname="com.empirix.TestCases.LoginTest" time="28.038">
    <failure message="chrome not reachable&#10;  (Session info: chrome=78.0.3904.108)&#10;Build info: version: &apos;3.141.59&apos;, revision: &apos;e82be7d358&apos;, time: &apos;2018-11-14T08:17:03&apos;&#10;System info: host: &apos;HIGURP78024&apos;, ip: &apos;192.168.1.11&apos;, os.name: &apos;Windows 10&apos;, os.arch: &apos;amd64&apos;, os.version: &apos;10.0&apos;, java.version: &apos;1.8.0_241&apos;&#10;Driver info: org.openqa.selenium.chrome.ChromeDriver&#10;Capabilities {acceptInsecureCerts: false, browserName: chrome, browserVersion: 78.0.3904.108, chrome: {chromedriverVersion: 78.0.3904.105 (60e2d8774a81..., userDataDir: C:\Users\rkumar9\AppData\Lo...}, goog:chromeOptions: {debuggerAddress: localhost:63203}, javascriptEnabled: true, networkConnectionEnabled: false, pageLoadStrategy: normal, platform: XP, platformName: XP, proxy: Proxy(), setWindowRect: true, strictFileInteractability: false, timeouts: {implicit: 0, pageLoad: 300000, script: 30000}, unhandledPromptBehavior: dismiss and notify}&#10;Session ID: 5c7c6040cc7a06e1ce1cfff739998a58" type="org.openqa.selenium.WebDriverException"><![CDATA[org.openqa.selenium.WebDriverException: 
chrome not reachable
  (Session info: chrome=78.0.3904.108)
Build info: version: '3.141.59', revision: 'e82be7d358', time: '2018-11-14T08:17:03'
System info: host: 'HIGURP78024', ip: '192.168.1.11', os.name: 'Windows 10', os.arch: 'amd64', os.version: '10.0', java.version: '1.8.0_241'
Driver info: org.openqa.selenium.chrome.ChromeDriver
Capabilities {acceptInsecureCerts: false, browserName: chrome, browserVersion: 78.0.3904.108, chrome: {chromedriverVersion: 78.0.3904.105 (60e2d8774a81..., userDataDir: C:\Users\rkumar9\AppData\Lo...}, goog:chromeOptions: {debuggerAddress: localhost:63203}, javascriptEnabled: true, networkConnectionEnabled: false, pageLoadStrategy: normal, platform: XP, platformName: XP, proxy: Proxy(), setWindowRect: true, strictFileInteractability: false, timeouts: {implicit: 0, pageLoad: 300000, script: 30000}, unhandledPromptBehavior: dismiss and notify}
Session ID: 5c7c6040cc7a06e1ce1cfff739998a58
	at com.empirix.TestCases.LoginTest.validateTitleOnLoginPage(LoginTest.java:35)
]]></failure>
    <system-out><![CDATA[Before navigating to: 'https://services.empirix.com'
Navigated to:'https://services.empirix.com'
Exception occured: org.openqa.selenium.WebDriverException: chrome not reachable
  (Session info: chrome=78.0.3904.108)
Build info: version: '3.141.59', revision: 'e82be7d358', time: '2018-11-14T08:17:03'
System info: host: 'HIGURP78024', ip: '192.168.1.11', os.name: 'Windows 10', os.arch: 'amd64', os.version: '10.0', java.version: '1.8.0_241'
Driver info: org.openqa.selenium.chrome.ChromeDriver
Capabilities {acceptInsecureCerts: false, browserName: chrome, browserVersion: 78.0.3904.108, chrome: {chromedriverVersion: 78.0.3904.105 (60e2d8774a81..., userDataDir: C:\Users\rkumar9\AppData\Lo...}, goog:chromeOptions: {debuggerAddress: localhost:63203}, javascriptEnabled: true, networkConnectionEnabled: false, pageLoadStrategy: normal, platform: XP, platformName: XP, proxy: Proxy(), setWindowRect: true, strictFileInteractability: false, timeouts: {implicit: 0, pageLoad: 300000, script: 30000}, unhandledPromptBehavior: dismiss and notify}
Session ID: 5c7c6040cc7a06e1ce1cfff739998a58
]]></system-out>
    <system-err><![CDATA[Starting ChromeDriver 78.0.3904.105 (60e2d8774a8151efa6a00b1f358371b1e0e07ee2-refs/branch-heads/3904@{#877}) on port 41122
Only local connections are allowed.
Please protect ports used by ChromeDriver and related test frameworks to prevent access by malicious code.
[1586155414.736][WARNING]: Timed out connecting to Chrome, retrying...
Apr 06, 2020 12:13:36 PM org.openqa.selenium.remote.ProtocolHandshake createSession
INFO: Detected dialect: W3C
[1586155418.794][WARNING]: Timed out connecting to Chrome, retrying...
[1586155444.431][WARNING]: Timed out connecting to Chrome, retrying...
[1586155448.432][WARNING]: Timed out connecting to Chrome, retrying...
[1586155458.452][WARNING]: Timed out connecting to Chrome, retrying...
[1586155462.452][WARNING]: Timed out connecting to Chrome, retrying...
]]></system-err>
  </testcase>
  <testcase name="validateSignIn" classname="com.empirix.TestCases.LoginTest" time="31.079">
    <failure message="no such element: Unable to locate element: {&quot;method&quot;:&quot;xpath&quot;,&quot;selector&quot;:&quot;//input[@type=&apos;text&apos;]&quot;}&#10;  (Session info: chrome=78.0.3904.108)&#10;For documentation on this error, please visit: https://www.seleniumhq.org/exceptions/no_such_element.html&#10;Build info: version: &apos;3.141.59&apos;, revision: &apos;e82be7d358&apos;, time: &apos;2018-11-14T08:17:03&apos;&#10;System info: host: &apos;HIGURP78024&apos;, ip: &apos;192.168.1.11&apos;, os.name: &apos;Windows 10&apos;, os.arch: &apos;amd64&apos;, os.version: &apos;10.0&apos;, java.version: &apos;1.8.0_241&apos;&#10;Driver info: org.openqa.selenium.chrome.ChromeDriver&#10;Capabilities {acceptInsecureCerts: false, browserName: chrome, browserVersion: 78.0.3904.108, chrome: {chromedriverVersion: 78.0.3904.105 (60e2d8774a81..., userDataDir: C:\Users\rkumar9\AppData\Lo...}, goog:chromeOptions: {debuggerAddress: localhost:62804}, javascriptEnabled: true, networkConnectionEnabled: false, pageLoadStrategy: normal, platform: XP, platformName: XP, proxy: Proxy(), setWindowRect: true, strictFileInteractability: false, timeouts: {implicit: 0, pageLoad: 300000, script: 30000}, unhandledPromptBehavior: dismiss and notify}&#10;Session ID: 44172c6452e2b5975c6204bc81d69d79&#10;*** Element info: {Using=xpath, value=//input[@type=&apos;text&apos;]}" type="org.openqa.selenium.NoSuchElementException"><![CDATA[org.openqa.selenium.NoSuchElementException: 
no such element: Unable to locate element: {"method":"xpath","selector":"//input[@type='text']"}
  (Session info: chrome=78.0.3904.108)
For documentation on this error, please visit: https://www.seleniumhq.org/exceptions/no_such_element.html
Build info: version: '3.141.59', revision: 'e82be7d358', time: '2018-11-14T08:17:03'
System info: host: 'HIGURP78024', ip: '192.168.1.11', os.name: 'Windows 10', os.arch: 'amd64', os.version: '10.0', java.version: '1.8.0_241'
Driver info: org.openqa.selenium.chrome.ChromeDriver
Capabilities {acceptInsecureCerts: false, browserName: chrome, browserVersion: 78.0.3904.108, chrome: {chromedriverVersion: 78.0.3904.105 (60e2d8774a81..., userDataDir: C:\Users\rkumar9\AppData\Lo...}, goog:chromeOptions: {debuggerAddress: localhost:62804}, javascriptEnabled: true, networkConnectionEnabled: false, pageLoadStrategy: normal, platform: XP, platformName: XP, proxy: Proxy(), setWindowRect: true, strictFileInteractability: false, timeouts: {implicit: 0, pageLoad: 300000, script: 30000}, unhandledPromptBehavior: dismiss and notify}
Session ID: 44172c6452e2b5975c6204bc81d69d79
*** Element info: {Using=xpath, value=//input[@type='text']}
	at com.empirix.TestCases.LoginTest.validateSignIn(LoginTest.java:41)
]]></failure>
    <system-out><![CDATA[Trying to find Element By : By.xpath: //input[@type='text']
Exception occured: org.openqa.selenium.NoSuchElementException: no such element: Unable to locate element: {"method":"xpath","selector":"//input[@type='text']"}
  (Session info: chrome=78.0.3904.108)
For documentation on this error, please visit: https://www.seleniumhq.org/exceptions/no_such_element.html
Build info: version: '3.141.59', revision: 'e82be7d358', time: '2018-11-14T08:17:03'
System info: host: 'HIGURP78024', ip: '192.168.1.11', os.name: 'Windows 10', os.arch: 'amd64', os.version: '10.0', java.version: '1.8.0_241'
Driver info: org.openqa.selenium.chrome.ChromeDriver
Capabilities {acceptInsecureCerts: false, browserName: chrome, browserVersion: 78.0.3904.108, chrome: {chromedriverVersion: 78.0.3904.105 (60e2d8774a81..., userDataDir: C:\Users\rkumar9\AppData\Lo...}, goog:chromeOptions: {debuggerAddress: localhost:62804}, javascriptEnabled: true, networkConnectionEnabled: false, pageLoadStrategy: normal, platform: XP, platformName: XP, proxy: Proxy(), setWindowRect: true, strictFileInteractability: false, timeouts: {implicit: 0, pageLoad: 300000, script: 30000}, unhandledPromptBehavior: dismiss and notify}
Session ID: 44172c6452e2b5975c6204bc81d69d79
*** Element info: {Using=xpath, value=//input[@type='text']}
]]></system-out>
  </testcase>
  <testcase name="validateSignIn" classname="com.empirix.TestCases.LoginTest" time="28.057">
    <failure message="chrome not reachable&#10;  (Session info: chrome=78.0.3904.108)&#10;Build info: version: &apos;3.141.59&apos;, revision: &apos;e82be7d358&apos;, time: &apos;2018-11-14T08:17:03&apos;&#10;System info: host: &apos;HIGURP78024&apos;, ip: &apos;192.168.1.11&apos;, os.name: &apos;Windows 10&apos;, os.arch: &apos;amd64&apos;, os.version: &apos;10.0&apos;, java.version: &apos;1.8.0_241&apos;&#10;Driver info: org.openqa.selenium.chrome.ChromeDriver&#10;Capabilities {acceptInsecureCerts: false, browserName: chrome, browserVersion: 78.0.3904.108, chrome: {chromedriverVersion: 78.0.3904.105 (60e2d8774a81..., userDataDir: C:\Users\rkumar9\AppData\Lo...}, goog:chromeOptions: {debuggerAddress: localhost:63203}, javascriptEnabled: true, networkConnectionEnabled: false, pageLoadStrategy: normal, platform: XP, platformName: XP, proxy: Proxy(), setWindowRect: true, strictFileInteractability: false, timeouts: {implicit: 0, pageLoad: 300000, script: 30000}, unhandledPromptBehavior: dismiss and notify}&#10;Session ID: 5c7c6040cc7a06e1ce1cfff739998a58" type="org.openqa.selenium.WebDriverException"><![CDATA[org.openqa.selenium.WebDriverException: 
chrome not reachable
  (Session info: chrome=78.0.3904.108)
Build info: version: '3.141.59', revision: 'e82be7d358', time: '2018-11-14T08:17:03'
System info: host: 'HIGURP78024', ip: '192.168.1.11', os.name: 'Windows 10', os.arch: 'amd64', os.version: '10.0', java.version: '1.8.0_241'
Driver info: org.openqa.selenium.chrome.ChromeDriver
Capabilities {acceptInsecureCerts: false, browserName: chrome, browserVersion: 78.0.3904.108, chrome: {chromedriverVersion: 78.0.3904.105 (60e2d8774a81..., userDataDir: C:\Users\rkumar9\AppData\Lo...}, goog:chromeOptions: {debuggerAddress: localhost:63203}, javascriptEnabled: true, networkConnectionEnabled: false, pageLoadStrategy: normal, platform: XP, platformName: XP, proxy: Proxy(), setWindowRect: true, strictFileInteractability: false, timeouts: {implicit: 0, pageLoad: 300000, script: 30000}, unhandledPromptBehavior: dismiss and notify}
Session ID: 5c7c6040cc7a06e1ce1cfff739998a58
	at com.empirix.TestCases.LoginTest.validateSignIn(LoginTest.java:41)
]]></failure>
    <system-out><![CDATA[Trying to find Element By : By.xpath: //input[@type='text']
Exception occured: org.openqa.selenium.WebDriverException: chrome not reachable
  (Session info: chrome=78.0.3904.108)
Build info: version: '3.141.59', revision: 'e82be7d358', time: '2018-11-14T08:17:03'
System info: host: 'HIGURP78024', ip: '192.168.1.11', os.name: 'Windows 10', os.arch: 'amd64', os.version: '10.0', java.version: '1.8.0_241'
Driver info: org.openqa.selenium.chrome.ChromeDriver
Capabilities {acceptInsecureCerts: false, browserName: chrome, browserVersion: 78.0.3904.108, chrome: {chromedriverVersion: 78.0.3904.105 (60e2d8774a81..., userDataDir: C:\Users\rkumar9\AppData\Lo...}, goog:chromeOptions: {debuggerAddress: localhost:63203}, javascriptEnabled: true, networkConnectionEnabled: false, pageLoadStrategy: normal, platform: XP, platformName: XP, proxy: Proxy(), setWindowRect: true, strictFileInteractability: false, timeouts: {implicit: 0, pageLoad: 300000, script: 30000}, unhandledPromptBehavior: dismiss and notify}
Session ID: 5c7c6040cc7a06e1ce1cfff739998a58
*** Element info: {Using=xpath, value=//input[@type='text']}
]]></system-out>
    <system-err><![CDATA[[1586155472.471][WARNING]: Timed out connecting to Chrome, retrying...
[1586155476.472][WARNING]: Timed out connecting to Chrome, retrying...
[1586155486.499][WARNING]: Timed out connecting to Chrome, retrying...
[1586155490.503][WARNING]: Timed out connecting to Chrome, retrying...
]]></system-err>
  </testcase>
  <testcase name="validatetitleOnDashboardPage" classname="com.empirix.TestCases.LoginTest" time="0.04">
    <failure message="expected [VoiceWatch] but found [OpenAM]" type="java.lang.AssertionError"><![CDATA[java.lang.AssertionError: expected [VoiceWatch] but found [OpenAM]
	at com.empirix.TestCases.LoginTest.validatetitleOnDashboardPage(LoginTest.java:49)
]]></failure>
  </testcase>
  <testcase name="validatetitleOnDashboardPage" classname="com.empirix.TestCases.LoginTest" time="28.059">
    <failure message="chrome not reachable&#10;  (Session info: chrome=78.0.3904.108)&#10;Build info: version: &apos;3.141.59&apos;, revision: &apos;e82be7d358&apos;, time: &apos;2018-11-14T08:17:03&apos;&#10;System info: host: &apos;HIGURP78024&apos;, ip: &apos;192.168.1.11&apos;, os.name: &apos;Windows 10&apos;, os.arch: &apos;amd64&apos;, os.version: &apos;10.0&apos;, java.version: &apos;1.8.0_241&apos;&#10;Driver info: org.openqa.selenium.chrome.ChromeDriver&#10;Capabilities {acceptInsecureCerts: false, browserName: chrome, browserVersion: 78.0.3904.108, chrome: {chromedriverVersion: 78.0.3904.105 (60e2d8774a81..., userDataDir: C:\Users\rkumar9\AppData\Lo...}, goog:chromeOptions: {debuggerAddress: localhost:63203}, javascriptEnabled: true, networkConnectionEnabled: false, pageLoadStrategy: normal, platform: XP, platformName: XP, proxy: Proxy(), setWindowRect: true, strictFileInteractability: false, timeouts: {implicit: 0, pageLoad: 300000, script: 30000}, unhandledPromptBehavior: dismiss and notify}&#10;Session ID: 5c7c6040cc7a06e1ce1cfff739998a58" type="org.openqa.selenium.WebDriverException"><![CDATA[org.openqa.selenium.WebDriverException: 
chrome not reachable
  (Session info: chrome=78.0.3904.108)
Build info: version: '3.141.59', revision: 'e82be7d358', time: '2018-11-14T08:17:03'
System info: host: 'HIGURP78024', ip: '192.168.1.11', os.name: 'Windows 10', os.arch: 'amd64', os.version: '10.0', java.version: '1.8.0_241'
Driver info: org.openqa.selenium.chrome.ChromeDriver
Capabilities {acceptInsecureCerts: false, browserName: chrome, browserVersion: 78.0.3904.108, chrome: {chromedriverVersion: 78.0.3904.105 (60e2d8774a81..., userDataDir: C:\Users\rkumar9\AppData\Lo...}, goog:chromeOptions: {debuggerAddress: localhost:63203}, javascriptEnabled: true, networkConnectionEnabled: false, pageLoadStrategy: normal, platform: XP, platformName: XP, proxy: Proxy(), setWindowRect: true, strictFileInteractability: false, timeouts: {implicit: 0, pageLoad: 300000, script: 30000}, unhandledPromptBehavior: dismiss and notify}
Session ID: 5c7c6040cc7a06e1ce1cfff739998a58
	at com.empirix.TestCases.LoginTest.validatetitleOnDashboardPage(LoginTest.java:48)
]]></failure>
    <system-out><![CDATA[Exception occured: org.openqa.selenium.WebDriverException: chrome not reachable
  (Session info: chrome=78.0.3904.108)
Build info: version: '3.141.59', revision: 'e82be7d358', time: '2018-11-14T08:17:03'
System info: host: 'HIGURP78024', ip: '192.168.1.11', os.name: 'Windows 10', os.arch: 'amd64', os.version: '10.0', java.version: '1.8.0_241'
Driver info: org.openqa.selenium.chrome.ChromeDriver
Capabilities {acceptInsecureCerts: false, browserName: chrome, browserVersion: 78.0.3904.108, chrome: {chromedriverVersion: 78.0.3904.105 (60e2d8774a81..., userDataDir: C:\Users\rkumar9\AppData\Lo...}, goog:chromeOptions: {debuggerAddress: localhost:63203}, javascriptEnabled: true, networkConnectionEnabled: false, pageLoadStrategy: normal, platform: XP, platformName: XP, proxy: Proxy(), setWindowRect: true, strictFileInteractability: false, timeouts: {implicit: 0, pageLoad: 300000, script: 30000}, unhandledPromptBehavior: dismiss and notify}
Session ID: 5c7c6040cc7a06e1ce1cfff739998a58
]]></system-out>
    <system-err><![CDATA[[1586155500.528][WARNING]: Timed out connecting to Chrome, retrying...
[1586155504.529][WARNING]: Timed out connecting to Chrome, retrying...
[1586155514.562][WARNING]: Timed out connecting to Chrome, retrying...
[1586155518.563][WARNING]: Timed out connecting to Chrome, retrying...
]]></system-err>
  </testcase>
  <testcase name="tearDown" classname="com.empirix.TestCases.LoginTest" time="42.099">
    <failure message="chrome not reachable&#10;  (Session info: chrome=78.0.3904.108)&#10;Build info: version: &apos;3.141.59&apos;, revision: &apos;e82be7d358&apos;, time: &apos;2018-11-14T08:17:03&apos;&#10;System info: host: &apos;HIGURP78024&apos;, ip: &apos;192.168.1.11&apos;, os.name: &apos;Windows 10&apos;, os.arch: &apos;amd64&apos;, os.version: &apos;10.0&apos;, java.version: &apos;1.8.0_241&apos;&#10;Driver info: org.openqa.selenium.chrome.ChromeDriver&#10;Capabilities {acceptInsecureCerts: false, browserName: chrome, browserVersion: 78.0.3904.108, chrome: {chromedriverVersion: 78.0.3904.105 (60e2d8774a81..., userDataDir: C:\Users\rkumar9\AppData\Lo...}, goog:chromeOptions: {debuggerAddress: localhost:63203}, javascriptEnabled: true, networkConnectionEnabled: false, pageLoadStrategy: normal, platform: XP, platformName: XP, proxy: Proxy(), setWindowRect: true, strictFileInteractability: false, timeouts: {implicit: 0, pageLoad: 300000, script: 30000}, unhandledPromptBehavior: dismiss and notify}&#10;Session ID: 5c7c6040cc7a06e1ce1cfff739998a58" type="org.openqa.selenium.WebDriverException"><![CDATA[org.openqa.selenium.WebDriverException: 
chrome not reachable
  (Session info: chrome=78.0.3904.108)
Build info: version: '3.141.59', revision: 'e82be7d358', time: '2018-11-14T08:17:03'
System info: host: 'HIGURP78024', ip: '192.168.1.11', os.name: 'Windows 10', os.arch: 'amd64', os.version: '10.0', java.version: '1.8.0_241'
Driver info: org.openqa.selenium.chrome.ChromeDriver
Capabilities {acceptInsecureCerts: false, browserName: chrome, browserVersion: 78.0.3904.108, chrome: {chromedriverVersion: 78.0.3904.105 (60e2d8774a81..., userDataDir: C:\Users\rkumar9\AppData\Lo...}, goog:chromeOptions: {debuggerAddress: localhost:63203}, javascriptEnabled: true, networkConnectionEnabled: false, pageLoadStrategy: normal, platform: XP, platformName: XP, proxy: Proxy(), setWindowRect: true, strictFileInteractability: false, timeouts: {implicit: 0, pageLoad: 300000, script: 30000}, unhandledPromptBehavior: dismiss and notify}
Session ID: 5c7c6040cc7a06e1ce1cfff739998a58
	at com.empirix.TestCases.LoginTest.tearDown(LoginTest.java:54)
]]></failure>
    <system-err><![CDATA[[1586155528.587][WARNING]: Timed out connecting to Chrome, retrying...
[1586155532.588][WARNING]: Timed out connecting to Chrome, retrying...
]]></system-err>
  </testcase>
  <testcase name="setUp" classname="com.empirix.TestCases.DashboardTest" time="64.707">
    <failure message="no such element: Unable to locate element: {&quot;method&quot;:&quot;xpath&quot;,&quot;selector&quot;:&quot;//input[@type=&apos;text&apos;]&quot;}&#10;  (Session info: chrome=78.0.3904.108)&#10;For documentation on this error, please visit: https://www.seleniumhq.org/exceptions/no_such_element.html&#10;Build info: version: &apos;3.141.59&apos;, revision: &apos;e82be7d358&apos;, time: &apos;2018-11-14T08:17:03&apos;&#10;System info: host: &apos;HIGURP78024&apos;, ip: &apos;192.168.1.11&apos;, os.name: &apos;Windows 10&apos;, os.arch: &apos;amd64&apos;, os.version: &apos;10.0&apos;, java.version: &apos;1.8.0_241&apos;&#10;Driver info: org.openqa.selenium.chrome.ChromeDriver&#10;Capabilities {acceptInsecureCerts: false, browserName: chrome, browserVersion: 78.0.3904.108, chrome: {chromedriverVersion: 78.0.3904.105 (60e2d8774a81..., userDataDir: C:\Users\rkumar9\AppData\Lo...}, goog:chromeOptions: {debuggerAddress: localhost:63011}, javascriptEnabled: true, networkConnectionEnabled: false, pageLoadStrategy: normal, platform: XP, platformName: XP, proxy: Proxy(), setWindowRect: true, strictFileInteractability: false, timeouts: {implicit: 0, pageLoad: 300000, script: 30000}, unhandledPromptBehavior: dismiss and notify}&#10;Session ID: 69fafeda347bf1882cd8d0107cfde304&#10;*** Element info: {Using=xpath, value=//input[@type=&apos;text&apos;]}" type="org.openqa.selenium.NoSuchElementException"><![CDATA[org.openqa.selenium.NoSuchElementException: 
no such element: Unable to locate element: {"method":"xpath","selector":"//input[@type='text']"}
  (Session info: chrome=78.0.3904.108)
For documentation on this error, please visit: https://www.seleniumhq.org/exceptions/no_such_element.html
Build info: version: '3.141.59', revision: 'e82be7d358', time: '2018-11-14T08:17:03'
System info: host: 'HIGURP78024', ip: '192.168.1.11', os.name: 'Windows 10', os.arch: 'amd64', os.version: '10.0', java.version: '1.8.0_241'
Driver info: org.openqa.selenium.chrome.ChromeDriver
Capabilities {acceptInsecureCerts: false, browserName: chrome, browserVersion: 78.0.3904.108, chrome: {chromedriverVersion: 78.0.3904.105 (60e2d8774a81..., userDataDir: C:\Users\rkumar9\AppData\Lo...}, goog:chromeOptions: {debuggerAddress: localhost:63011}, javascriptEnabled: true, networkConnectionEnabled: false, pageLoadStrategy: normal, platform: XP, platformName: XP, proxy: Proxy(), setWindowRect: true, strictFileInteractability: false, timeouts: {implicit: 0, pageLoad: 300000, script: 30000}, unhandledPromptBehavior: dismiss and notify}
Session ID: 69fafeda347bf1882cd8d0107cfde304
*** Element info: {Using=xpath, value=//input[@type='text']}
	at com.empirix.TestCases.DashboardTest.setUp(DashboardTest.java:32)
]]></failure>
    <system-out><![CDATA[Before navigating to: 'https://services.empirix.com'
Navigated to:'https://services.empirix.com'
Trying to find Element By : By.xpath: //input[@type='text']
Exception occured: org.openqa.selenium.NoSuchElementException: no such element: Unable to locate element: {"method":"xpath","selector":"//input[@type='text']"}
  (Session info: chrome=78.0.3904.108)
For documentation on this error, please visit: https://www.seleniumhq.org/exceptions/no_such_element.html
Build info: version: '3.141.59', revision: 'e82be7d358', time: '2018-11-14T08:17:03'
System info: host: 'HIGURP78024', ip: '192.168.1.11', os.name: 'Windows 10', os.arch: 'amd64', os.version: '10.0', java.version: '1.8.0_241'
Driver info: org.openqa.selenium.chrome.ChromeDriver
Capabilities {acceptInsecureCerts: false, browserName: chrome, browserVersion: 78.0.3904.108, chrome: {chromedriverVersion: 78.0.3904.105 (60e2d8774a81..., userDataDir: C:\Users\rkumar9\AppData\Lo...}, goog:chromeOptions: {debuggerAddress: localhost:63011}, javascriptEnabled: true, networkConnectionEnabled: false, pageLoadStrategy: normal, platform: XP, platformName: XP, proxy: Proxy(), setWindowRect: true, strictFileInteractability: false, timeouts: {implicit: 0, pageLoad: 300000, script: 30000}, unhandledPromptBehavior: dismiss and notify}
Session ID: 69fafeda347bf1882cd8d0107cfde304
*** Element info: {Using=xpath, value=//input[@type='text']}
]]></system-out>
    <system-err><![CDATA[Starting ChromeDriver 78.0.3904.105 (60e2d8774a8151efa6a00b1f358371b1e0e07ee2-refs/branch-heads/3904@{#877}) on port 38686
Only local connections are allowed.
Please protect ports used by ChromeDriver and related test frameworks to prevent access by malicious code.
[1586155314.438][WARNING]: Timed out connecting to Chrome, retrying...
Apr 06, 2020 12:11:56 PM org.openqa.selenium.remote.ProtocolHandshake createSession
INFO: Detected dialect: W3C
[1586155318.547][WARNING]: Timed out connecting to Chrome, retrying...
]]></system-err>
  </testcase>
  <testcase name="setUp" classname="com.empirix.TestCases.DashboardTest" time="106.539">
    <failure message="no such element: Unable to locate element: {&quot;method&quot;:&quot;xpath&quot;,&quot;selector&quot;:&quot;//input[@type=&apos;text&apos;]&quot;}&#10;  (Session info: chrome=78.0.3904.108)&#10;For documentation on this error, please visit: https://www.seleniumhq.org/exceptions/no_such_element.html&#10;Build info: version: &apos;3.141.59&apos;, revision: &apos;e82be7d358&apos;, time: &apos;2018-11-14T08:17:03&apos;&#10;System info: host: &apos;HIGURP78024&apos;, ip: &apos;192.168.1.11&apos;, os.name: &apos;Windows 10&apos;, os.arch: &apos;amd64&apos;, os.version: &apos;10.0&apos;, java.version: &apos;1.8.0_241&apos;&#10;Driver info: org.openqa.selenium.chrome.ChromeDriver&#10;Capabilities {acceptInsecureCerts: false, browserName: chrome, browserVersion: 78.0.3904.108, chrome: {chromedriverVersion: 78.0.3904.105 (60e2d8774a81..., userDataDir: C:\Users\rkumar9\AppData\Lo...}, goog:chromeOptions: {debuggerAddress: localhost:63345}, javascriptEnabled: true, networkConnectionEnabled: false, pageLoadStrategy: normal, platform: XP, platformName: XP, proxy: Proxy(), setWindowRect: true, strictFileInteractability: false, timeouts: {implicit: 0, pageLoad: 300000, script: 30000}, unhandledPromptBehavior: dismiss and notify}&#10;Session ID: 24e02aeebc295269444e1c754d2ecfc5&#10;*** Element info: {Using=xpath, value=//input[@type=&apos;text&apos;]}" type="org.openqa.selenium.NoSuchElementException"><![CDATA[org.openqa.selenium.NoSuchElementException: 
no such element: Unable to locate element: {"method":"xpath","selector":"//input[@type='text']"}
  (Session info: chrome=78.0.3904.108)
For documentation on this error, please visit: https://www.seleniumhq.org/exceptions/no_such_element.html
Build info: version: '3.141.59', revision: 'e82be7d358', time: '2018-11-14T08:17:03'
System info: host: 'HIGURP78024', ip: '192.168.1.11', os.name: 'Windows 10', os.arch: 'amd64', os.version: '10.0', java.version: '1.8.0_241'
Driver info: org.openqa.selenium.chrome.ChromeDriver
Capabilities {acceptInsecureCerts: false, browserName: chrome, browserVersion: 78.0.3904.108, chrome: {chromedriverVersion: 78.0.3904.105 (60e2d8774a81..., userDataDir: C:\Users\rkumar9\AppData\Lo...}, goog:chromeOptions: {debuggerAddress: localhost:63345}, javascriptEnabled: true, networkConnectionEnabled: false, pageLoadStrategy: normal, platform: XP, platformName: XP, proxy: Proxy(), setWindowRect: true, strictFileInteractability: false, timeouts: {implicit: 0, pageLoad: 300000, script: 30000}, unhandledPromptBehavior: dismiss and notify}
Session ID: 24e02aeebc295269444e1c754d2ecfc5
*** Element info: {Using=xpath, value=//input[@type='text']}
	at com.empirix.TestCases.DashboardTest.setUp(DashboardTest.java:32)
]]></failure>
    <system-out><![CDATA[Before navigating to: 'https://services.empirix.com'
Navigated to:'https://services.empirix.com'
Trying to find Element By : By.xpath: //input[@type='text']
Exception occured: org.openqa.selenium.NoSuchElementException: no such element: Unable to locate element: {"method":"xpath","selector":"//input[@type='text']"}
  (Session info: chrome=78.0.3904.108)
For documentation on this error, please visit: https://www.seleniumhq.org/exceptions/no_such_element.html
Build info: version: '3.141.59', revision: 'e82be7d358', time: '2018-11-14T08:17:03'
System info: host: 'HIGURP78024', ip: '192.168.1.11', os.name: 'Windows 10', os.arch: 'amd64', os.version: '10.0', java.version: '1.8.0_241'
Driver info: org.openqa.selenium.chrome.ChromeDriver
Capabilities {acceptInsecureCerts: false, browserName: chrome, browserVersion: 78.0.3904.108, chrome: {chromedriverVersion: 78.0.3904.105 (60e2d8774a81..., userDataDir: C:\Users\rkumar9\AppData\Lo...}, goog:chromeOptions: {debuggerAddress: localhost:63345}, javascriptEnabled: true, networkConnectionEnabled: false, pageLoadStrategy: normal, platform: XP, platformName: XP, proxy: Proxy(), setWindowRect: true, strictFileInteractability: false, timeouts: {implicit: 0, pageLoad: 300000, script: 30000}, unhandledPromptBehavior: dismiss and notify}
Session ID: 24e02aeebc295269444e1c754d2ecfc5
*** Element info: {Using=xpath, value=//input[@type='text']}
]]></system-out>
    <system-err><![CDATA[Starting ChromeDriver 78.0.3904.105 (60e2d8774a8151efa6a00b1f358371b1e0e07ee2-refs/branch-heads/3904@{#877}) on port 46568
Only local connections are allowed.
Please protect ports used by ChromeDriver and related test frameworks to prevent access by malicious code.
[1586155544.947][WARNING]: Timed out connecting to Chrome, retrying...
Apr 06, 2020 12:15:47 PM org.openqa.selenium.remote.ProtocolHandshake createSession
INFO: Detected dialect: W3C
[1586155549.097][WARNING]: Timed out connecting to Chrome, retrying...
]]></system-err>
  </testcase>
  <testcase name="validateAlertsTab" classname="com.empirix.TestCases.DashboardTest" time="0">
    <skipped message="no such element: Unable to locate element: {&quot;method&quot;:&quot;xpath&quot;,&quot;selector&quot;:&quot;//input[@type=&apos;text&apos;]&quot;}&#10;  (Session info: chrome=78.0.3904.108)&#10;For documentation on this error, please visit: https://www.seleniumhq.org/exceptions/no_such_element.html&#10;Build info: version: &apos;3.141.59&apos;, revision: &apos;e82be7d358&apos;, time: &apos;2018-11-14T08:17:03&apos;&#10;System info: host: &apos;HIGURP78024&apos;, ip: &apos;192.168.1.11&apos;, os.name: &apos;Windows 10&apos;, os.arch: &apos;amd64&apos;, os.version: &apos;10.0&apos;, java.version: &apos;1.8.0_241&apos;&#10;Driver info: org.openqa.selenium.chrome.ChromeDriver&#10;Capabilities {acceptInsecureCerts: false, browserName: chrome, browserVersion: 78.0.3904.108, chrome: {chromedriverVersion: 78.0.3904.105 (60e2d8774a81..., userDataDir: C:\Users\rkumar9\AppData\Lo...}, goog:chromeOptions: {debuggerAddress: localhost:63011}, javascriptEnabled: true, networkConnectionEnabled: false, pageLoadStrategy: normal, platform: XP, platformName: XP, proxy: Proxy(), setWindowRect: true, strictFileInteractability: false, timeouts: {implicit: 0, pageLoad: 300000, script: 30000}, unhandledPromptBehavior: dismiss and notify}&#10;Session ID: 69fafeda347bf1882cd8d0107cfde304&#10;*** Element info: {Using=xpath, value=//input[@type=&apos;text&apos;]}"/>
  </testcase>
  <testcase name="validateAlertsTab" classname="com.empirix.TestCases.DashboardTest" time="0">
    <skipped message="no such element: Unable to locate element: {&quot;method&quot;:&quot;xpath&quot;,&quot;selector&quot;:&quot;//input[@type=&apos;text&apos;]&quot;}&#10;  (Session info: chrome=78.0.3904.108)&#10;For documentation on this error, please visit: https://www.seleniumhq.org/exceptions/no_such_element.html&#10;Build info: version: &apos;3.141.59&apos;, revision: &apos;e82be7d358&apos;, time: &apos;2018-11-14T08:17:03&apos;&#10;System info: host: &apos;HIGURP78024&apos;, ip: &apos;192.168.1.11&apos;, os.name: &apos;Windows 10&apos;, os.arch: &apos;amd64&apos;, os.version: &apos;10.0&apos;, java.version: &apos;1.8.0_241&apos;&#10;Driver info: org.openqa.selenium.chrome.ChromeDriver&#10;Capabilities {acceptInsecureCerts: false, browserName: chrome, browserVersion: 78.0.3904.108, chrome: {chromedriverVersion: 78.0.3904.105 (60e2d8774a81..., userDataDir: C:\Users\rkumar9\AppData\Lo...}, goog:chromeOptions: {debuggerAddress: localhost:63345}, javascriptEnabled: true, networkConnectionEnabled: false, pageLoadStrategy: normal, platform: XP, platformName: XP, proxy: Proxy(), setWindowRect: true, strictFileInteractability: false, timeouts: {implicit: 0, pageLoad: 300000, script: 30000}, unhandledPromptBehavior: dismiss and notify}&#10;Session ID: 24e02aeebc295269444e1c754d2ecfc5&#10;*** Element info: {Using=xpath, value=//input[@type=&apos;text&apos;]}"/>
  </testcase>
  <testcase name="validateTestsTab" classname="com.empirix.TestCases.DashboardTest" time="0">
    <skipped message="no such element: Unable to locate element: {&quot;method&quot;:&quot;xpath&quot;,&quot;selector&quot;:&quot;//input[@type=&apos;text&apos;]&quot;}&#10;  (Session info: chrome=78.0.3904.108)&#10;For documentation on this error, please visit: https://www.seleniumhq.org/exceptions/no_such_element.html&#10;Build info: version: &apos;3.141.59&apos;, revision: &apos;e82be7d358&apos;, time: &apos;2018-11-14T08:17:03&apos;&#10;System info: host: &apos;HIGURP78024&apos;, ip: &apos;192.168.1.11&apos;, os.name: &apos;Windows 10&apos;, os.arch: &apos;amd64&apos;, os.version: &apos;10.0&apos;, java.version: &apos;1.8.0_241&apos;&#10;Driver info: org.openqa.selenium.chrome.ChromeDriver&#10;Capabilities {acceptInsecureCerts: false, browserName: chrome, browserVersion: 78.0.3904.108, chrome: {chromedriverVersion: 78.0.3904.105 (60e2d8774a81..., userDataDir: C:\Users\rkumar9\AppData\Lo...}, goog:chromeOptions: {debuggerAddress: localhost:63011}, javascriptEnabled: true, networkConnectionEnabled: false, pageLoadStrategy: normal, platform: XP, platformName: XP, proxy: Proxy(), setWindowRect: true, strictFileInteractability: false, timeouts: {implicit: 0, pageLoad: 300000, script: 30000}, unhandledPromptBehavior: dismiss and notify}&#10;Session ID: 69fafeda347bf1882cd8d0107cfde304&#10;*** Element info: {Using=xpath, value=//input[@type=&apos;text&apos;]}"/>
  </testcase>
  <testcase name="validateTestsTab" classname="com.empirix.TestCases.DashboardTest" time="0">
    <skipped message="no such element: Unable to locate element: {&quot;method&quot;:&quot;xpath&quot;,&quot;selector&quot;:&quot;//input[@type=&apos;text&apos;]&quot;}&#10;  (Session info: chrome=78.0.3904.108)&#10;For documentation on this error, please visit: https://www.seleniumhq.org/exceptions/no_such_element.html&#10;Build info: version: &apos;3.141.59&apos;, revision: &apos;e82be7d358&apos;, time: &apos;2018-11-14T08:17:03&apos;&#10;System info: host: &apos;HIGURP78024&apos;, ip: &apos;192.168.1.11&apos;, os.name: &apos;Windows 10&apos;, os.arch: &apos;amd64&apos;, os.version: &apos;10.0&apos;, java.version: &apos;1.8.0_241&apos;&#10;Driver info: org.openqa.selenium.chrome.ChromeDriver&#10;Capabilities {acceptInsecureCerts: false, browserName: chrome, browserVersion: 78.0.3904.108, chrome: {chromedriverVersion: 78.0.3904.105 (60e2d8774a81..., userDataDir: C:\Users\rkumar9\AppData\Lo...}, goog:chromeOptions: {debuggerAddress: localhost:63345}, javascriptEnabled: true, networkConnectionEnabled: false, pageLoadStrategy: normal, platform: XP, platformName: XP, proxy: Proxy(), setWindowRect: true, strictFileInteractability: false, timeouts: {implicit: 0, pageLoad: 300000, script: 30000}, unhandledPromptBehavior: dismiss and notify}&#10;Session ID: 24e02aeebc295269444e1c754d2ecfc5&#10;*** Element info: {Using=xpath, value=//input[@type=&apos;text&apos;]}"/>
  </testcase>
  <testcase name="validateVariablesTab" classname="com.empirix.TestCases.DashboardTest" time="0">
    <skipped message="no such element: Unable to locate element: {&quot;method&quot;:&quot;xpath&quot;,&quot;selector&quot;:&quot;//input[@type=&apos;text&apos;]&quot;}&#10;  (Session info: chrome=78.0.3904.108)&#10;For documentation on this error, please visit: https://www.seleniumhq.org/exceptions/no_such_element.html&#10;Build info: version: &apos;3.141.59&apos;, revision: &apos;e82be7d358&apos;, time: &apos;2018-11-14T08:17:03&apos;&#10;System info: host: &apos;HIGURP78024&apos;, ip: &apos;192.168.1.11&apos;, os.name: &apos;Windows 10&apos;, os.arch: &apos;amd64&apos;, os.version: &apos;10.0&apos;, java.version: &apos;1.8.0_241&apos;&#10;Driver info: org.openqa.selenium.chrome.ChromeDriver&#10;Capabilities {acceptInsecureCerts: false, browserName: chrome, browserVersion: 78.0.3904.108, chrome: {chromedriverVersion: 78.0.3904.105 (60e2d8774a81..., userDataDir: C:\Users\rkumar9\AppData\Lo...}, goog:chromeOptions: {debuggerAddress: localhost:63011}, javascriptEnabled: true, networkConnectionEnabled: false, pageLoadStrategy: normal, platform: XP, platformName: XP, proxy: Proxy(), setWindowRect: true, strictFileInteractability: false, timeouts: {implicit: 0, pageLoad: 300000, script: 30000}, unhandledPromptBehavior: dismiss and notify}&#10;Session ID: 69fafeda347bf1882cd8d0107cfde304&#10;*** Element info: {Using=xpath, value=//input[@type=&apos;text&apos;]}"/>
  </testcase>
  <testcase name="validateVariablesTab" classname="com.empirix.TestCases.DashboardTest" time="0">
    <skipped message="no such element: Unable to locate element: {&quot;method&quot;:&quot;xpath&quot;,&quot;selector&quot;:&quot;//input[@type=&apos;text&apos;]&quot;}&#10;  (Session info: chrome=78.0.3904.108)&#10;For documentation on this error, please visit: https://www.seleniumhq.org/exceptions/no_such_element.html&#10;Build info: version: &apos;3.141.59&apos;, revision: &apos;e82be7d358&apos;, time: &apos;2018-11-14T08:17:03&apos;&#10;System info: host: &apos;HIGURP78024&apos;, ip: &apos;192.168.1.11&apos;, os.name: &apos;Windows 10&apos;, os.arch: &apos;amd64&apos;, os.version: &apos;10.0&apos;, java.version: &apos;1.8.0_241&apos;&#10;Driver info: org.openqa.selenium.chrome.ChromeDriver&#10;Capabilities {acceptInsecureCerts: false, browserName: chrome, browserVersion: 78.0.3904.108, chrome: {chromedriverVersion: 78.0.3904.105 (60e2d8774a81..., userDataDir: C:\Users\rkumar9\AppData\Lo...}, goog:chromeOptions: {debuggerAddress: localhost:63345}, javascriptEnabled: true, networkConnectionEnabled: false, pageLoadStrategy: normal, platform: XP, platformName: XP, proxy: Proxy(), setWindowRect: true, strictFileInteractability: false, timeouts: {implicit: 0, pageLoad: 300000, script: 30000}, unhandledPromptBehavior: dismiss and notify}&#10;Session ID: 24e02aeebc295269444e1c754d2ecfc5&#10;*** Element info: {Using=xpath, value=//input[@type=&apos;text&apos;]}"/>
  </testcase>
  <testcase name="validateNotificationsTab" classname="com.empirix.TestCases.DashboardTest" time="0">
    <skipped message="no such element: Unable to locate element: {&quot;method&quot;:&quot;xpath&quot;,&quot;selector&quot;:&quot;//input[@type=&apos;text&apos;]&quot;}&#10;  (Session info: chrome=78.0.3904.108)&#10;For documentation on this error, please visit: https://www.seleniumhq.org/exceptions/no_such_element.html&#10;Build info: version: &apos;3.141.59&apos;, revision: &apos;e82be7d358&apos;, time: &apos;2018-11-14T08:17:03&apos;&#10;System info: host: &apos;HIGURP78024&apos;, ip: &apos;192.168.1.11&apos;, os.name: &apos;Windows 10&apos;, os.arch: &apos;amd64&apos;, os.version: &apos;10.0&apos;, java.version: &apos;1.8.0_241&apos;&#10;Driver info: org.openqa.selenium.chrome.ChromeDriver&#10;Capabilities {acceptInsecureCerts: false, browserName: chrome, browserVersion: 78.0.3904.108, chrome: {chromedriverVersion: 78.0.3904.105 (60e2d8774a81..., userDataDir: C:\Users\rkumar9\AppData\Lo...}, goog:chromeOptions: {debuggerAddress: localhost:63011}, javascriptEnabled: true, networkConnectionEnabled: false, pageLoadStrategy: normal, platform: XP, platformName: XP, proxy: Proxy(), setWindowRect: true, strictFileInteractability: false, timeouts: {implicit: 0, pageLoad: 300000, script: 30000}, unhandledPromptBehavior: dismiss and notify}&#10;Session ID: 69fafeda347bf1882cd8d0107cfde304&#10;*** Element info: {Using=xpath, value=//input[@type=&apos;text&apos;]}"/>
  </testcase>
  <testcase name="validateNotificationsTab" classname="com.empirix.TestCases.DashboardTest" time="0">
    <skipped message="no such element: Unable to locate element: {&quot;method&quot;:&quot;xpath&quot;,&quot;selector&quot;:&quot;//input[@type=&apos;text&apos;]&quot;}&#10;  (Session info: chrome=78.0.3904.108)&#10;For documentation on this error, please visit: https://www.seleniumhq.org/exceptions/no_such_element.html&#10;Build info: version: &apos;3.141.59&apos;, revision: &apos;e82be7d358&apos;, time: &apos;2018-11-14T08:17:03&apos;&#10;System info: host: &apos;HIGURP78024&apos;, ip: &apos;192.168.1.11&apos;, os.name: &apos;Windows 10&apos;, os.arch: &apos;amd64&apos;, os.version: &apos;10.0&apos;, java.version: &apos;1.8.0_241&apos;&#10;Driver info: org.openqa.selenium.chrome.ChromeDriver&#10;Capabilities {acceptInsecureCerts: false, browserName: chrome, browserVersion: 78.0.3904.108, chrome: {chromedriverVersion: 78.0.3904.105 (60e2d8774a81..., userDataDir: C:\Users\rkumar9\AppData\Lo...}, goog:chromeOptions: {debuggerAddress: localhost:63345}, javascriptEnabled: true, networkConnectionEnabled: false, pageLoadStrategy: normal, platform: XP, platformName: XP, proxy: Proxy(), setWindowRect: true, strictFileInteractability: false, timeouts: {implicit: 0, pageLoad: 300000, script: 30000}, unhandledPromptBehavior: dismiss and notify}&#10;Session ID: 24e02aeebc295269444e1c754d2ecfc5&#10;*** Element info: {Using=xpath, value=//input[@type=&apos;text&apos;]}"/>
  </testcase>
  <testcase name="validateDashboardTab" classname="com.empirix.TestCases.DashboardTest" time="0">
    <skipped message="no such element: Unable to locate element: {&quot;method&quot;:&quot;xpath&quot;,&quot;selector&quot;:&quot;//input[@type=&apos;text&apos;]&quot;}&#10;  (Session info: chrome=78.0.3904.108)&#10;For documentation on this error, please visit: https://www.seleniumhq.org/exceptions/no_such_element.html&#10;Build info: version: &apos;3.141.59&apos;, revision: &apos;e82be7d358&apos;, time: &apos;2018-11-14T08:17:03&apos;&#10;System info: host: &apos;HIGURP78024&apos;, ip: &apos;192.168.1.11&apos;, os.name: &apos;Windows 10&apos;, os.arch: &apos;amd64&apos;, os.version: &apos;10.0&apos;, java.version: &apos;1.8.0_241&apos;&#10;Driver info: org.openqa.selenium.chrome.ChromeDriver&#10;Capabilities {acceptInsecureCerts: false, browserName: chrome, browserVersion: 78.0.3904.108, chrome: {chromedriverVersion: 78.0.3904.105 (60e2d8774a81..., userDataDir: C:\Users\rkumar9\AppData\Lo...}, goog:chromeOptions: {debuggerAddress: localhost:63011}, javascriptEnabled: true, networkConnectionEnabled: false, pageLoadStrategy: normal, platform: XP, platformName: XP, proxy: Proxy(), setWindowRect: true, strictFileInteractability: false, timeouts: {implicit: 0, pageLoad: 300000, script: 30000}, unhandledPromptBehavior: dismiss and notify}&#10;Session ID: 69fafeda347bf1882cd8d0107cfde304&#10;*** Element info: {Using=xpath, value=//input[@type=&apos;text&apos;]}"/>
  </testcase>
  <testcase name="validateDashboardTab" classname="com.empirix.TestCases.DashboardTest" time="0">
    <skipped message="no such element: Unable to locate element: {&quot;method&quot;:&quot;xpath&quot;,&quot;selector&quot;:&quot;//input[@type=&apos;text&apos;]&quot;}&#10;  (Session info: chrome=78.0.3904.108)&#10;For documentation on this error, please visit: https://www.seleniumhq.org/exceptions/no_such_element.html&#10;Build info: version: &apos;3.141.59&apos;, revision: &apos;e82be7d358&apos;, time: &apos;2018-11-14T08:17:03&apos;&#10;System info: host: &apos;HIGURP78024&apos;, ip: &apos;192.168.1.11&apos;, os.name: &apos;Windows 10&apos;, os.arch: &apos;amd64&apos;, os.version: &apos;10.0&apos;, java.version: &apos;1.8.0_241&apos;&#10;Driver info: org.openqa.selenium.chrome.ChromeDriver&#10;Capabilities {acceptInsecureCerts: false, browserName: chrome, browserVersion: 78.0.3904.108, chrome: {chromedriverVersion: 78.0.3904.105 (60e2d8774a81..., userDataDir: C:\Users\rkumar9\AppData\Lo...}, goog:chromeOptions: {debuggerAddress: localhost:63345}, javascriptEnabled: true, networkConnectionEnabled: false, pageLoadStrategy: normal, platform: XP, platformName: XP, proxy: Proxy(), setWindowRect: true, strictFileInteractability: false, timeouts: {implicit: 0, pageLoad: 300000, script: 30000}, unhandledPromptBehavior: dismiss and notify}&#10;Session ID: 24e02aeebc295269444e1c754d2ecfc5&#10;*** Element info: {Using=xpath, value=//input[@type=&apos;text&apos;]}"/>
  </testcase>
  <testcase name="validateJapaneeseLanguageSelection" classname="com.empirix.TestCases.DashboardTest" time="0">
    <skipped message="no such element: Unable to locate element: {&quot;method&quot;:&quot;xpath&quot;,&quot;selector&quot;:&quot;//input[@type=&apos;text&apos;]&quot;}&#10;  (Session info: chrome=78.0.3904.108)&#10;For documentation on this error, please visit: https://www.seleniumhq.org/exceptions/no_such_element.html&#10;Build info: version: &apos;3.141.59&apos;, revision: &apos;e82be7d358&apos;, time: &apos;2018-11-14T08:17:03&apos;&#10;System info: host: &apos;HIGURP78024&apos;, ip: &apos;192.168.1.11&apos;, os.name: &apos;Windows 10&apos;, os.arch: &apos;amd64&apos;, os.version: &apos;10.0&apos;, java.version: &apos;1.8.0_241&apos;&#10;Driver info: org.openqa.selenium.chrome.ChromeDriver&#10;Capabilities {acceptInsecureCerts: false, browserName: chrome, browserVersion: 78.0.3904.108, chrome: {chromedriverVersion: 78.0.3904.105 (60e2d8774a81..., userDataDir: C:\Users\rkumar9\AppData\Lo...}, goog:chromeOptions: {debuggerAddress: localhost:63011}, javascriptEnabled: true, networkConnectionEnabled: false, pageLoadStrategy: normal, platform: XP, platformName: XP, proxy: Proxy(), setWindowRect: true, strictFileInteractability: false, timeouts: {implicit: 0, pageLoad: 300000, script: 30000}, unhandledPromptBehavior: dismiss and notify}&#10;Session ID: 69fafeda347bf1882cd8d0107cfde304&#10;*** Element info: {Using=xpath, value=//input[@type=&apos;text&apos;]}"/>
  </testcase>
  <testcase name="validateJapaneeseLanguageSelection" classname="com.empirix.TestCases.DashboardTest" time="0">
    <skipped message="no such element: Unable to locate element: {&quot;method&quot;:&quot;xpath&quot;,&quot;selector&quot;:&quot;//input[@type=&apos;text&apos;]&quot;}&#10;  (Session info: chrome=78.0.3904.108)&#10;For documentation on this error, please visit: https://www.seleniumhq.org/exceptions/no_such_element.html&#10;Build info: version: &apos;3.141.59&apos;, revision: &apos;e82be7d358&apos;, time: &apos;2018-11-14T08:17:03&apos;&#10;System info: host: &apos;HIGURP78024&apos;, ip: &apos;192.168.1.11&apos;, os.name: &apos;Windows 10&apos;, os.arch: &apos;amd64&apos;, os.version: &apos;10.0&apos;, java.version: &apos;1.8.0_241&apos;&#10;Driver info: org.openqa.selenium.chrome.ChromeDriver&#10;Capabilities {acceptInsecureCerts: false, browserName: chrome, browserVersion: 78.0.3904.108, chrome: {chromedriverVersion: 78.0.3904.105 (60e2d8774a81..., userDataDir: C:\Users\rkumar9\AppData\Lo...}, goog:chromeOptions: {debuggerAddress: localhost:63345}, javascriptEnabled: true, networkConnectionEnabled: false, pageLoadStrategy: normal, platform: XP, platformName: XP, proxy: Proxy(), setWindowRect: true, strictFileInteractability: false, timeouts: {implicit: 0, pageLoad: 300000, script: 30000}, unhandledPromptBehavior: dismiss and notify}&#10;Session ID: 24e02aeebc295269444e1c754d2ecfc5&#10;*** Element info: {Using=xpath, value=//input[@type=&apos;text&apos;]}"/>
  </testcase>
  <testcase name="validateEnglishLanguageSelection" classname="com.empirix.TestCases.DashboardTest" time="0">
    <skipped message="no such element: Unable to locate element: {&quot;method&quot;:&quot;xpath&quot;,&quot;selector&quot;:&quot;//input[@type=&apos;text&apos;]&quot;}&#10;  (Session info: chrome=78.0.3904.108)&#10;For documentation on this error, please visit: https://www.seleniumhq.org/exceptions/no_such_element.html&#10;Build info: version: &apos;3.141.59&apos;, revision: &apos;e82be7d358&apos;, time: &apos;2018-11-14T08:17:03&apos;&#10;System info: host: &apos;HIGURP78024&apos;, ip: &apos;192.168.1.11&apos;, os.name: &apos;Windows 10&apos;, os.arch: &apos;amd64&apos;, os.version: &apos;10.0&apos;, java.version: &apos;1.8.0_241&apos;&#10;Driver info: org.openqa.selenium.chrome.ChromeDriver&#10;Capabilities {acceptInsecureCerts: false, browserName: chrome, browserVersion: 78.0.3904.108, chrome: {chromedriverVersion: 78.0.3904.105 (60e2d8774a81..., userDataDir: C:\Users\rkumar9\AppData\Lo...}, goog:chromeOptions: {debuggerAddress: localhost:63011}, javascriptEnabled: true, networkConnectionEnabled: false, pageLoadStrategy: normal, platform: XP, platformName: XP, proxy: Proxy(), setWindowRect: true, strictFileInteractability: false, timeouts: {implicit: 0, pageLoad: 300000, script: 30000}, unhandledPromptBehavior: dismiss and notify}&#10;Session ID: 69fafeda347bf1882cd8d0107cfde304&#10;*** Element info: {Using=xpath, value=//input[@type=&apos;text&apos;]}"/>
  </testcase>
  <testcase name="validateEnglishLanguageSelection" classname="com.empirix.TestCases.DashboardTest" time="0">
    <skipped message="no such element: Unable to locate element: {&quot;method&quot;:&quot;xpath&quot;,&quot;selector&quot;:&quot;//input[@type=&apos;text&apos;]&quot;}&#10;  (Session info: chrome=78.0.3904.108)&#10;For documentation on this error, please visit: https://www.seleniumhq.org/exceptions/no_such_element.html&#10;Build info: version: &apos;3.141.59&apos;, revision: &apos;e82be7d358&apos;, time: &apos;2018-11-14T08:17:03&apos;&#10;System info: host: &apos;HIGURP78024&apos;, ip: &apos;192.168.1.11&apos;, os.name: &apos;Windows 10&apos;, os.arch: &apos;amd64&apos;, os.version: &apos;10.0&apos;, java.version: &apos;1.8.0_241&apos;&#10;Driver info: org.openqa.selenium.chrome.ChromeDriver&#10;Capabilities {acceptInsecureCerts: false, browserName: chrome, browserVersion: 78.0.3904.108, chrome: {chromedriverVersion: 78.0.3904.105 (60e2d8774a81..., userDataDir: C:\Users\rkumar9\AppData\Lo...}, goog:chromeOptions: {debuggerAddress: localhost:63345}, javascriptEnabled: true, networkConnectionEnabled: false, pageLoadStrategy: normal, platform: XP, platformName: XP, proxy: Proxy(), setWindowRect: true, strictFileInteractability: false, timeouts: {implicit: 0, pageLoad: 300000, script: 30000}, unhandledPromptBehavior: dismiss and notify}&#10;Session ID: 24e02aeebc295269444e1c754d2ecfc5&#10;*** Element info: {Using=xpath, value=//input[@type=&apos;text&apos;]}"/>
  </testcase>
  <testcase name="tearDown" classname="com.empirix.TestCases.DashboardTest" time="0">
    <skipped/>
  </testcase>
  <testcase name="tearDown" classname="com.empirix.TestCases.DashboardTest" time="0">
    <skipped/>
  </testcase>
  <testcase name="setUp" classname="com.empirix.TestCases.ClientProfileTest" time="36.033">
    <failure message="chrome not reachable&#10;  (Session info: chrome=78.0.3904.108)&#10;Build info: version: &apos;3.141.59&apos;, revision: &apos;e82be7d358&apos;, time: &apos;2018-11-14T08:17:03&apos;&#10;System info: host: &apos;HIGURP78024&apos;, ip: &apos;192.168.1.11&apos;, os.name: &apos;Windows 10&apos;, os.arch: &apos;amd64&apos;, os.version: &apos;10.0&apos;, java.version: &apos;1.8.0_241&apos;&#10;Driver info: org.openqa.selenium.chrome.ChromeDriver&#10;Capabilities {acceptInsecureCerts: false, browserName: chrome, browserVersion: 78.0.3904.108, chrome: {chromedriverVersion: 78.0.3904.105 (60e2d8774a81..., userDataDir: C:\Users\rkumar9\AppData\Lo...}, goog:chromeOptions: {debuggerAddress: localhost:63155}, javascriptEnabled: true, networkConnectionEnabled: false, pageLoadStrategy: normal, platform: XP, platformName: XP, proxy: Proxy(), setWindowRect: true, strictFileInteractability: false, timeouts: {implicit: 0, pageLoad: 300000, script: 30000}, unhandledPromptBehavior: dismiss and notify}&#10;Session ID: 698715b77c847e50b9f53de74dc9fa4f" type="org.openqa.selenium.WebDriverException"><![CDATA[org.openqa.selenium.WebDriverException: 
chrome not reachable
  (Session info: chrome=78.0.3904.108)
Build info: version: '3.141.59', revision: 'e82be7d358', time: '2018-11-14T08:17:03'
System info: host: 'HIGURP78024', ip: '192.168.1.11', os.name: 'Windows 10', os.arch: 'amd64', os.version: '10.0', java.version: '1.8.0_241'
Driver info: org.openqa.selenium.chrome.ChromeDriver
Capabilities {acceptInsecureCerts: false, browserName: chrome, browserVersion: 78.0.3904.108, chrome: {chromedriverVersion: 78.0.3904.105 (60e2d8774a81..., userDataDir: C:\Users\rkumar9\AppData\Lo...}, goog:chromeOptions: {debuggerAddress: localhost:63155}, javascriptEnabled: true, networkConnectionEnabled: false, pageLoadStrategy: normal, platform: XP, platformName: XP, proxy: Proxy(), setWindowRect: true, strictFileInteractability: false, timeouts: {implicit: 0, pageLoad: 300000, script: 30000}, unhandledPromptBehavior: dismiss and notify}
Session ID: 698715b77c847e50b9f53de74dc9fa4f
	at com.empirix.TestCases.ClientProfileTest.setUp(ClientProfileTest.java:30)
]]></failure>
    <system-out><![CDATA[Before navigating to: 'https://services.empirix.com'
Exception occured: org.openqa.selenium.WebDriverException: unknown error: cannot determine loading status
from disconnected: received Inspector.detached event
  (Session info: chrome=78.0.3904.108)
Build info: version: '3.141.59', revision: 'e82be7d358', time: '2018-11-14T08:17:03'
System info: host: 'HIGURP78024', ip: '192.168.1.11', os.name: 'Windows 10', os.arch: 'amd64', os.version: '10.0', java.version: '1.8.0_241'
Driver info: org.openqa.selenium.chrome.ChromeDriver
Capabilities {acceptInsecureCerts: false, browserName: chrome, browserVersion: 78.0.3904.108, chrome: {chromedriverVersion: 78.0.3904.105 (60e2d8774a81..., userDataDir: C:\Users\rkumar9\AppData\Lo...}, goog:chromeOptions: {debuggerAddress: localhost:63155}, javascriptEnabled: true, networkConnectionEnabled: false, pageLoadStrategy: normal, platform: XP, platformName: XP, proxy: Proxy(), setWindowRect: true, strictFileInteractability: false, timeouts: {implicit: 0, pageLoad: 300000, script: 30000}, unhandledPromptBehavior: dismiss and notify}
Session ID: 698715b77c847e50b9f53de74dc9fa4f
]]></system-out>
    <system-err><![CDATA[Starting ChromeDriver 78.0.3904.105 (60e2d8774a8151efa6a00b1f358371b1e0e07ee2-refs/branch-heads/3904@{#877}) on port 37051
Only local connections are allowed.
Please protect ports used by ChromeDriver and related test frameworks to prevent access by malicious code.
[1586155378.032][WARNING]: Timed out connecting to Chrome, retrying...
Apr 06, 2020 12:13:00 PM org.openqa.selenium.remote.ProtocolHandshake createSession
INFO: Detected dialect: W3C
[1586155382.082][WARNING]: Timed out connecting to Chrome, retrying...
[1586155397.842][WARNING]: Timed out connecting to Chrome, retrying...
[1586155401.843][WARNING]: Timed out connecting to Chrome, retrying...
]]></system-err>
  </testcase>
  <testcase name="setUp" classname="com.empirix.TestCases.ClientProfileTest" time="31.17">
    <failure message="chrome not reachable&#10;  (Session info: chrome=78.0.3904.108)&#10;Build info: version: &apos;3.141.59&apos;, revision: &apos;e82be7d358&apos;, time: &apos;2018-11-14T08:17:03&apos;&#10;System info: host: &apos;HIGURP78024&apos;, ip: &apos;192.168.1.11&apos;, os.name: &apos;Windows 10&apos;, os.arch: &apos;amd64&apos;, os.version: &apos;10.0&apos;, java.version: &apos;1.8.0_241&apos;&#10;Driver info: org.openqa.selenium.chrome.ChromeDriver&#10;Capabilities {acceptInsecureCerts: false, browserName: chrome, browserVersion: 78.0.3904.108, chrome: {chromedriverVersion: 78.0.3904.105 (60e2d8774a81..., userDataDir: C:\Users\rkumar9\AppData\Lo...}, goog:chromeOptions: {debuggerAddress: localhost:63487}, javascriptEnabled: true, networkConnectionEnabled: false, pageLoadStrategy: normal, platform: XP, platformName: XP, proxy: Proxy(), setWindowRect: true, strictFileInteractability: false, timeouts: {implicit: 0, pageLoad: 300000, script: 30000}, unhandledPromptBehavior: dismiss and notify}&#10;Session ID: a6ab76868cfe7e5be709ac1d60035aa5" type="org.openqa.selenium.WebDriverException"><![CDATA[org.openqa.selenium.WebDriverException: 
chrome not reachable
  (Session info: chrome=78.0.3904.108)
Build info: version: '3.141.59', revision: 'e82be7d358', time: '2018-11-14T08:17:03'
System info: host: 'HIGURP78024', ip: '192.168.1.11', os.name: 'Windows 10', os.arch: 'amd64', os.version: '10.0', java.version: '1.8.0_241'
Driver info: org.openqa.selenium.chrome.ChromeDriver
Capabilities {acceptInsecureCerts: false, browserName: chrome, browserVersion: 78.0.3904.108, chrome: {chromedriverVersion: 78.0.3904.105 (60e2d8774a81..., userDataDir: C:\Users\rkumar9\AppData\Lo...}, goog:chromeOptions: {debuggerAddress: localhost:63487}, javascriptEnabled: true, networkConnectionEnabled: false, pageLoadStrategy: normal, platform: XP, platformName: XP, proxy: Proxy(), setWindowRect: true, strictFileInteractability: false, timeouts: {implicit: 0, pageLoad: 300000, script: 30000}, unhandledPromptBehavior: dismiss and notify}
Session ID: a6ab76868cfe7e5be709ac1d60035aa5
	at com.empirix.TestCases.ClientProfileTest.setUp(ClientProfileTest.java:30)
]]></failure>
    <system-out><![CDATA[Before navigating to: 'https://services.empirix.com'
Exception occured: org.openqa.selenium.WebDriverException: unknown error: cannot determine loading status
from disconnected: unable to send message to renderer
  (Session info: chrome=78.0.3904.108)
Build info: version: '3.141.59', revision: 'e82be7d358', time: '2018-11-14T08:17:03'
System info: host: 'HIGURP78024', ip: '192.168.1.11', os.name: 'Windows 10', os.arch: 'amd64', os.version: '10.0', java.version: '1.8.0_241'
Driver info: org.openqa.selenium.chrome.ChromeDriver
Capabilities {acceptInsecureCerts: false, browserName: chrome, browserVersion: 78.0.3904.108, chrome: {chromedriverVersion: 78.0.3904.105 (60e2d8774a81..., userDataDir: C:\Users\rkumar9\AppData\Lo...}, goog:chromeOptions: {debuggerAddress: localhost:63487}, javascriptEnabled: true, networkConnectionEnabled: false, pageLoadStrategy: normal, platform: XP, platformName: XP, proxy: Proxy(), setWindowRect: true, strictFileInteractability: false, timeouts: {implicit: 0, pageLoad: 300000, script: 30000}, unhandledPromptBehavior: dismiss and notify}
Session ID: a6ab76868cfe7e5be709ac1d60035aa5
]]></system-out>
    <system-err><![CDATA[Starting ChromeDriver 78.0.3904.105 (60e2d8774a8151efa6a00b1f358371b1e0e07ee2-refs/branch-heads/3904@{#877}) on port 32502
Only local connections are allowed.
Please protect ports used by ChromeDriver and related test frameworks to prevent access by malicious code.
[1586155609.652][WARNING]: Timed out connecting to Chrome, retrying...
Apr 06, 2020 12:16:51 PM org.openqa.selenium.remote.ProtocolHandshake createSession
INFO: Detected dialect: W3C
[1586155613.968][WARNING]: Timed out connecting to Chrome, retrying...
[1586155624.225][WARNING]: Timed out connecting to Chrome, retrying...
[1586155628.225][WARNING]: Timed out connecting to Chrome, retrying...
]]></system-err>
  </testcase>
  <testcase name="validateClientName" classname="com.empirix.TestCases.ClientProfileTest" time="0">
    <skipped message="chrome not reachable&#10;  (Session info: chrome=78.0.3904.108)&#10;Build info: version: &apos;3.141.59&apos;, revision: &apos;e82be7d358&apos;, time: &apos;2018-11-14T08:17:03&apos;&#10;System info: host: &apos;HIGURP78024&apos;, ip: &apos;192.168.1.11&apos;, os.name: &apos;Windows 10&apos;, os.arch: &apos;amd64&apos;, os.version: &apos;10.0&apos;, java.version: &apos;1.8.0_241&apos;&#10;Driver info: org.openqa.selenium.chrome.ChromeDriver&#10;Capabilities {acceptInsecureCerts: false, browserName: chrome, browserVersion: 78.0.3904.108, chrome: {chromedriverVersion: 78.0.3904.105 (60e2d8774a81..., userDataDir: C:\Users\rkumar9\AppData\Lo...}, goog:chromeOptions: {debuggerAddress: localhost:63155}, javascriptEnabled: true, networkConnectionEnabled: false, pageLoadStrategy: normal, platform: XP, platformName: XP, proxy: Proxy(), setWindowRect: true, strictFileInteractability: false, timeouts: {implicit: 0, pageLoad: 300000, script: 30000}, unhandledPromptBehavior: dismiss and notify}&#10;Session ID: 698715b77c847e50b9f53de74dc9fa4f"/>
  </testcase>
  <testcase name="validateClientName" classname="com.empirix.TestCases.ClientProfileTest" time="0">
    <skipped message="chrome not reachable&#10;  (Session info: chrome=78.0.3904.108)&#10;Build info: version: &apos;3.141.59&apos;, revision: &apos;e82be7d358&apos;, time: &apos;2018-11-14T08:17:03&apos;&#10;System info: host: &apos;HIGURP78024&apos;, ip: &apos;192.168.1.11&apos;, os.name: &apos;Windows 10&apos;, os.arch: &apos;amd64&apos;, os.version: &apos;10.0&apos;, java.version: &apos;1.8.0_241&apos;&#10;Driver info: org.openqa.selenium.chrome.ChromeDriver&#10;Capabilities {acceptInsecureCerts: false, browserName: chrome, browserVersion: 78.0.3904.108, chrome: {chromedriverVersion: 78.0.3904.105 (60e2d8774a81..., userDataDir: C:\Users\rkumar9\AppData\Lo...}, goog:chromeOptions: {debuggerAddress: localhost:63487}, javascriptEnabled: true, networkConnectionEnabled: false, pageLoadStrategy: normal, platform: XP, platformName: XP, proxy: Proxy(), setWindowRect: true, strictFileInteractability: false, timeouts: {implicit: 0, pageLoad: 300000, script: 30000}, unhandledPromptBehavior: dismiss and notify}&#10;Session ID: a6ab76868cfe7e5be709ac1d60035aa5"/>
  </testcase>
  <testcase name="validateClientDescription" classname="com.empirix.TestCases.ClientProfileTest" time="0">
    <skipped message="chrome not reachable&#10;  (Session info: chrome=78.0.3904.108)&#10;Build info: version: &apos;3.141.59&apos;, revision: &apos;e82be7d358&apos;, time: &apos;2018-11-14T08:17:03&apos;&#10;System info: host: &apos;HIGURP78024&apos;, ip: &apos;192.168.1.11&apos;, os.name: &apos;Windows 10&apos;, os.arch: &apos;amd64&apos;, os.version: &apos;10.0&apos;, java.version: &apos;1.8.0_241&apos;&#10;Driver info: org.openqa.selenium.chrome.ChromeDriver&#10;Capabilities {acceptInsecureCerts: false, browserName: chrome, browserVersion: 78.0.3904.108, chrome: {chromedriverVersion: 78.0.3904.105 (60e2d8774a81..., userDataDir: C:\Users\rkumar9\AppData\Lo...}, goog:chromeOptions: {debuggerAddress: localhost:63155}, javascriptEnabled: true, networkConnectionEnabled: false, pageLoadStrategy: normal, platform: XP, platformName: XP, proxy: Proxy(), setWindowRect: true, strictFileInteractability: false, timeouts: {implicit: 0, pageLoad: 300000, script: 30000}, unhandledPromptBehavior: dismiss and notify}&#10;Session ID: 698715b77c847e50b9f53de74dc9fa4f"/>
  </testcase>
  <testcase name="validateClientDescription" classname="com.empirix.TestCases.ClientProfileTest" time="0">
    <skipped message="chrome not reachable&#10;  (Session info: chrome=78.0.3904.108)&#10;Build info: version: &apos;3.141.59&apos;, revision: &apos;e82be7d358&apos;, time: &apos;2018-11-14T08:17:03&apos;&#10;System info: host: &apos;HIGURP78024&apos;, ip: &apos;192.168.1.11&apos;, os.name: &apos;Windows 10&apos;, os.arch: &apos;amd64&apos;, os.version: &apos;10.0&apos;, java.version: &apos;1.8.0_241&apos;&#10;Driver info: org.openqa.selenium.chrome.ChromeDriver&#10;Capabilities {acceptInsecureCerts: false, browserName: chrome, browserVersion: 78.0.3904.108, chrome: {chromedriverVersion: 78.0.3904.105 (60e2d8774a81..., userDataDir: C:\Users\rkumar9\AppData\Lo...}, goog:chromeOptions: {debuggerAddress: localhost:63487}, javascriptEnabled: true, networkConnectionEnabled: false, pageLoadStrategy: normal, platform: XP, platformName: XP, proxy: Proxy(), setWindowRect: true, strictFileInteractability: false, timeouts: {implicit: 0, pageLoad: 300000, script: 30000}, unhandledPromptBehavior: dismiss and notify}&#10;Session ID: a6ab76868cfe7e5be709ac1d60035aa5"/>
  </testcase>
  <testcase name="tearDown" classname="com.empirix.TestCases.ClientProfileTest" time="0">
    <skipped/>
  </testcase>
  <testcase name="tearDown" classname="com.empirix.TestCases.ClientProfileTest" time="0">
    <skipped/>
  </testcase>
</testsuite>