<?xml version="1.0" encoding="UTF-8"?>
<testng-results skipped="0" failed="0" ignored="0" total="7" passed="7">
  <reporter-output>
  </reporter-output>
  <suite name="Suite" duration-ms="86146" started-at="2020-03-30T04:38:39 IST" finished-at="2020-03-30T04:40:05 IST">
    <groups>
    </groups>
    <test name="Chrome test" duration-ms="86146" started-at="2020-03-30T04:38:39 IST" finished-at="2020-03-30T04:40:05 IST">
      <class name="com.empirix.TestCases.DashboardTest">
        <test-method status="PASS" signature="setUp(java.lang.String)[pri:0, instance:com.empirix.TestCases.DashboardTest@7d0587f1]" name="setUp" is-config="true" duration-ms="36561" started-at="2020-03-30T04:38:39 IST" finished-at="2020-03-30T04:39:16 IST">
          <params>
            <param index="0">
              <value>
                <![CDATA[chrome]]>
              </value>
            </param>
          </params>
          <reporter-output>
          </reporter-output>
        </test-method> <!-- setUp -->
        <test-method status="PASS" signature="validateAlertsTab()[pri:1, instance:com.empirix.TestCases.DashboardTest@7d0587f1]" name="validateAlertsTab" duration-ms="24855" started-at="2020-03-30T04:39:16 IST" finished-at="2020-03-30T04:39:41 IST">
          <reporter-output>
          </reporter-output>
        </test-method> <!-- validateAlertsTab -->
        <test-method status="PASS" signature="validateTestsTab()[pri:2, instance:com.empirix.TestCases.DashboardTest@7d0587f1]" name="validateTestsTab" duration-ms="3735" started-at="2020-03-30T04:39:41 IST" finished-at="2020-03-30T04:39:44 IST">
          <reporter-output>
          </reporter-output>
        </test-method> <!-- validateTestsTab -->
        <test-method status="PASS" signature="validateVariablesTab()[pri:3, instance:com.empirix.TestCases.DashboardTest@7d0587f1]" name="validateVariablesTab" duration-ms="2302" started-at="2020-03-30T04:39:44 IST" finished-at="2020-03-30T04:39:47 IST">
          <reporter-output>
          </reporter-output>
        </test-method> <!-- validateVariablesTab -->
        <test-method status="PASS" signature="validateNotificationsTab()[pri:4, instance:com.empirix.TestCases.DashboardTest@7d0587f1]" name="validateNotificationsTab" duration-ms="2987" started-at="2020-03-30T04:39:47 IST" finished-at="2020-03-30T04:39:50 IST">
          <reporter-output>
          </reporter-output>
        </test-method> <!-- validateNotificationsTab -->
        <test-method status="PASS" signature="validateDashboardTab()[pri:5, instance:com.empirix.TestCases.DashboardTest@7d0587f1]" name="validateDashboardTab" duration-ms="3669" started-at="2020-03-30T04:39:50 IST" finished-at="2020-03-30T04:39:53 IST">
          <reporter-output>
          </reporter-output>
        </test-method> <!-- validateDashboardTab -->
        <test-method status="PASS" signature="validateJapaneeseLanguageSelection()[pri:6, instance:com.empirix.TestCases.DashboardTest@7d0587f1]" name="validateJapaneeseLanguageSelection" duration-ms="2462" started-at="2020-03-30T04:39:53 IST" finished-at="2020-03-30T04:39:56 IST">
          <reporter-output>
          </reporter-output>
        </test-method> <!-- validateJapaneeseLanguageSelection -->
        <test-method status="PASS" signature="validateEnglishLanguageSelection()[pri:7, instance:com.empirix.TestCases.DashboardTest@7d0587f1]" name="validateEnglishLanguageSelection" duration-ms="8150" started-at="2020-03-30T04:39:56 IST" finished-at="2020-03-30T04:40:04 IST">
          <reporter-output>
          </reporter-output>
        </test-method> <!-- validateEnglishLanguageSelection -->
        <test-method status="PASS" signature="tearDown()[pri:0, instance:com.empirix.TestCases.DashboardTest@7d0587f1]" name="tearDown" is-config="true" duration-ms="1354" started-at="2020-03-30T04:40:04 IST" finished-at="2020-03-30T04:40:05 IST">
          <reporter-output>
          </reporter-output>
        </test-method> <!-- tearDown -->
      </class> <!-- com.empirix.TestCases.DashboardTest -->
    </test> <!-- Chrome test -->
  </suite> <!-- Suite -->
</testng-results>
